<?xml version="1.0" encoding="UTF-8"?>
<coverage generated="1745847606608" clover="3.2.0">
  <project timestamp="1745847606609" name="All files">
    <metrics statements="17" coveredstatements="13" conditionals="9" coveredconditionals="6" methods="8" coveredmethods="5" elements="34" coveredelements="24" complexity="0" loc="17" ncloc="17" packages="1" files="1" classes="1"/>
    <file name="Categories.tsx" path="/Users/frej/Documents/GitHub/expo-1-example/native/app/(authorized)/AddExpense/Categories.tsx">
      <metrics statements="17" coveredstatements="13" conditionals="9" coveredconditionals="6" methods="8" coveredmethods="5"/>
      <line num="24" count="7" type="stmt"/>
      <line num="25" count="0" type="stmt"/>
      <line num="27" count="7" type="stmt"/>
      <line num="28" count="7" type="stmt"/>
      <line num="30" count="7" type="stmt"/>
      <line num="31" count="0" type="cond" truecount="0" falsecount="2"/>
      <line num="32" count="0" type="stmt"/>
      <line num="36" count="7" type="stmt"/>
      <line num="37" count="3" type="cond" truecount="2" falsecount="0"/>
      <line num="38" count="1" type="stmt"/>
      <line num="39" count="1" type="stmt"/>
      <line num="43" count="7" type="stmt"/>
      <line num="44" count="2" type="stmt"/>
      <line num="47" count="0" type="stmt"/>
      <line num="55" count="7" type="stmt"/>
      <line num="73" count="3" type="cond" truecount="1" falsecount="1"/>
      <line num="82" count="1" type="stmt"/>
    </file>
  </project>
</coverage>
