{"/Users/frej/Documents/GitHub/expo-1-example/native/app/(authorized)/AddExpense/Categories.tsx": {"path":"/Users/frej/Documents/GitHub/expo-1-example/native/app/(authorized)/AddExpense/Categories.tsx","statementMap":{"0":{"start":{"line":24,"column":20},"end":{"line":26,"column":2}},"1":{"start":{"line":25,"column":24},"end":{"line":25,"column":49}},"2":{"start":{"line":27,"column":18},"end":{"line":27,"column":44}},"3":{"start":{"line":28,"column":39},"end":{"line":28,"column":51}},"4":{"start":{"line":30,"column":22},"end":{"line":34,"column":2}},"5":{"start":{"line":31,"column":2},"end":{"line":33,"column":3}},"6":{"start":{"line":32,"column":3},"end":{"line":32,"column":32}},"7":{"start":{"line":36,"column":27},"end":{"line":41,"column":2}},"8":{"start":{"line":37,"column":2},"end":{"line":40,"column":3}},"9":{"start":{"line":38,"column":3},"end":{"line":38,"column":61}},"10":{"start":{"line":39,"column":3},"end":{"line":39,"column":22}},"11":{"start":{"line":43,"column":20},"end":{"line":53,"column":2}},"12":{"start":{"line":44,"column":2},"end":{"line":52,"column":9}},"13":{"start":{"line":47,"column":19},"end":{"line":47,"column":40}},"14":{"start":{"line":55,"column":1},"end":{"line":79,"column":3}},"15":{"start":{"line":73,"column":29},"end":{"line":73,"column":54}},"16":{"start":{"line":82,"column":15},"end":{"line":130,"column":2}}},"fnMap":{"0":{"name":"(anonymous_0)","decl":{"start":{"line":20,"column":1},"end":{"line":20,"column":2}},"loc":{"start":{"line":20,"column":35},"end":{"line":20,"column":37}},"line":20},"1":{"name":"Categories","decl":{"start":{"line":23,"column":24},"end":{"line":23,"column":34}},"loc":{"start":{"line":23,"column":37},"end":{"line":80,"column":1}},"line":23},"2":{"name":"(anonymous_2)","decl":{"start":{"line":25,"column":2},"end":{"line":25,"column":3}},"loc":{"start":{"line":25,"column":24},"end":{"line":25,"column":49}},"line":25},"3":{"name":"(anonymous_3)","decl":{"start":{"line":30,"column":22},"end":{"line":30,"column":23}},"loc":{"start":{"line":30,"column":50},"end":{"line":34,"column":2}},"line":30},"4":{"name":"(anonymous_4)","decl":{"start":{"line":36,"column":27},"end":{"line":36,"column":28}},"loc":{"start":{"line":36,"column":33},"end":{"line":41,"column":2}},"line":36},"5":{"name":"(anonymous_5)","decl":{"start":{"line":43,"column":20},"end":{"line":43,"column":21}},"loc":{"start":{"line":44,"column":2},"end":{"line":52,"column":9}},"line":44},"6":{"name":"(anonymous_6)","decl":{"start":{"line":47,"column":13},"end":{"line":47,"column":14}},"loc":{"start":{"line":47,"column":19},"end":{"line":47,"column":40}},"line":47},"7":{"name":"(anonymous_7)","decl":{"start":{"line":73,"column":19},"end":{"line":73,"column":20}},"loc":{"start":{"line":73,"column":29},"end":{"line":73,"column":54}},"line":73}},"branchMap":{"0":{"loc":{"start":{"line":31,"column":2},"end":{"line":33,"column":3}},"type":"if","locations":[{"start":{"line":31,"column":2},"end":{"line":33,"column":3}},{"start":{},"end":{}}],"line":31},"1":{"loc":{"start":{"line":37,"column":2},"end":{"line":40,"column":3}},"type":"if","locations":[{"start":{"line":37,"column":2},"end":{"line":40,"column":3}},{"start":{},"end":{}}],"line":37},"2":{"loc":{"start":{"line":70,"column":4},"end":{"line":77,"column":4}},"type":"binary-expr","locations":[{"start":{"line":70,"column":4},"end":{"line":70,"column":14}},{"start":{"line":70,"column":18},"end":{"line":70,"column":39}},{"start":{"line":71,"column":4},"end":{"line":76,"column":6}}],"line":70},"3":{"loc":{"start":{"line":73,"column":29},"end":{"line":73,"column":54}},"type":"binary-expr","locations":[{"start":{"line":73,"column":29},"end":{"line":73,"column":48}},{"start":{"line":73,"column":52},"end":{"line":73,"column":54}}],"line":73}},"s":{"0":7,"1":0,"2":7,"3":7,"4":7,"5":0,"6":0,"7":7,"8":3,"9":1,"10":1,"11":7,"12":2,"13":0,"14":7,"15":3,"16":1},"f":{"0":1,"1":7,"2":0,"3":0,"4":3,"5":2,"6":0,"7":3},"b":{"0":[0,0],"1":[1,2],"2":[7,7,1],"3":[3,0]},"_coverageSchema":"1a1c01bbd47fc00a2c39e90264f33305004495a9","hash":"566c1636313f88ef320d7c6c2a23f5dca10129f9"}
}
