TN:
SF:app/(authorized)/AddExpense/Categories.tsx
FN:20,(anonymous_0)
FN:23,Categories
FN:25,(anonymous_2)
FN:30,(anonymous_3)
FN:36,(anonymous_4)
FN:43,(anonymous_5)
FN:47,(anonymous_6)
FN:73,(anonymous_7)
FNF:8
FNH:5
FNDA:1,(anonymous_0)
FNDA:7,Categories
FNDA:0,(anonymous_2)
FNDA:0,(anonymous_3)
FNDA:3,(anonymous_4)
FNDA:2,(anonymous_5)
FNDA:0,(anonymous_6)
FNDA:3,(anonymous_7)
DA:24,7
DA:25,0
DA:27,7
DA:28,7
DA:30,7
DA:31,0
DA:32,0
DA:36,7
DA:37,3
DA:38,1
DA:39,1
DA:43,7
DA:44,2
DA:47,0
DA:55,7
DA:73,3
DA:82,1
LF:17
LH:13
BRDA:31,0,0,0
BRDA:31,0,1,0
BRDA:37,1,0,1
BRDA:37,1,1,2
BRDA:70,2,0,7
BRDA:70,2,1,7
BRDA:70,2,2,1
BRDA:73,3,0,3
BRDA:73,3,1,0
BRF:9
BRH:6
end_of_record
